<?xml version="1.0" encoding="UTF-8"?>
<!-- Generated by org.testng.reporters.JUnitReportReporter -->
<testsuite hostname="DESKTOP-ECCOGIN" failures="0" tests="1" name="com.blz.qa.db_automation.testing.DB_Test" time="0.888" errors="0" timestamp="2022-09-10T09:47:20 IST" skipped="0">
  <testcase classname="com.blz.qa.db_automation.testing.DB_Test" name="deleteTaleData" time="0.888"/>
  <system-out/>
</testsuite> <!-- com.blz.qa.db_automation.testing.DB_Test -->
